Traceback (most recent call last):
  File "/opt/hostedtoolcache/Python/3.10.17/x64/lib/python3.10/site-packages/jupyter_core/utils/__init__.py", line 154, in wrapped
    asyncio.get_running_loop()
RuntimeError: no running event loop

During handling of the above exception, another exception occurred:

Traceback (most recent call last):
  File "/opt/hostedtoolcache/Python/3.10.17/x64/lib/python3.10/site-packages/jupyter_cache/executors/utils.py", line 58, in single_nb_execution
    executenb(
  File "/opt/hostedtoolcache/Python/3.10.17/x64/lib/python3.10/site-packages/nbclient/client.py", line 1319, in execute
    return NotebookClient(nb=nb, resources=resources, km=km, **kwargs).execute()
  File "/opt/hostedtoolcache/Python/3.10.17/x64/lib/python3.10/site-packages/jupyter_core/utils/__init__.py", line 158, in wrapped
    return loop.run_until_complete(inner)
  File "/opt/hostedtoolcache/Python/3.10.17/x64/lib/python3.10/asyncio/base_events.py", line 649, in run_until_complete
    return future.result()
  File "/opt/hostedtoolcache/Python/3.10.17/x64/lib/python3.10/site-packages/nbclient/client.py", line 709, in async_execute
    await self.async_execute_cell(
  File "/opt/hostedtoolcache/Python/3.10.17/x64/lib/python3.10/site-packages/nbclient/client.py", line 1062, in async_execute_cell
    await self._check_raise_for_error(cell, cell_index, exec_reply)
  File "/opt/hostedtoolcache/Python/3.10.17/x64/lib/python3.10/site-packages/nbclient/client.py", line 918, in _check_raise_for_error
    raise CellExecutionError.from_cell_and_msg(cell, exec_reply_content)
nbclient.exceptions.CellExecutionError: An error occurred while executing the following cell:
------------------
descriptive_analysis(df_mysql, "MySQL Dataset")
------------------


[0;31m---------------------------------------------------------------------------[0m
[0;31mNameError[0m                                 Traceback (most recent call last)
Cell [0;32mIn[5], line 1[0m
[0;32m----> 1[0m [43mdescriptive_analysis[49m[43m([49m[43mdf_mysql[49m[43m,[49m[43m [49m[38;5;124;43m"[39;49m[38;5;124;43mMySQL Dataset[39;49m[38;5;124;43m"[39;49m[43m)[49m

Cell [0;32mIn[4], line 11[0m, in [0;36mdescriptive_analysis[0;34m(df, name, max_cat_display)[0m
[1;32m      2[0m [38;5;250m[39m[38;5;124;03m"""[39;00m
[1;32m      3[0m [38;5;124;03mMenampilkan statistik deskriptif lengkap untuk kolom numerik dan kategorikal[39;00m
[1;32m      4[0m [38;5;124;03m[39;00m
[0;32m   (...)[0m
[1;32m      8[0m [38;5;124;03mmax_cat_display (int): Maksimum kategori yang ditampilkan per kolom kategorikal[39;00m
[1;32m      9[0m [38;5;124;03m"""[39;00m
[1;32m     10[0m [38;5;66;03m# Header untuk output[39;00m
[0;32m---> 11[0m display([43mMarkdown[49m([38;5;124mf[39m[38;5;124m"[39m[38;5;124m##### Statistik Deskriptif: [39m[38;5;132;01m{[39;00mname[38;5;132;01m}[39;00m[38;5;124m ([39m[38;5;132;01m{[39;00m[38;5;28mlen[39m(df)[38;5;132;01m}[39;00m[38;5;124m baris)[39m[38;5;124m"[39m))
[1;32m     13[0m [38;5;66;03m# 1. Analisis Kolom Numerik[39;00m
[1;32m     14[0m num_cols [38;5;241m=[39m df[38;5;241m.[39mselect_dtypes(include[38;5;241m=[39mnp[38;5;241m.[39mnumber)[38;5;241m.[39mcolumns

[0;31mNameError[0m: name 'Markdown' is not defined

